<?xml version="1.0" encoding="UTF-8"?>
<testsuite xmlns:xsi="http://www.w3.org/2001/XMLSchema-instance" xsi:noNamespaceSchemaLocation="https://maven.apache.org/surefire/maven-surefire-plugin/xsd/surefire-test-report-3.0.xsd" version="3.0" name="com.beginsecure.StringClassTest" time="0.211" tests="5" errors="0" skipped="0" failures="0">
  <properties>
[...]
</properties>
  <testcase name="testWhiteSpace" classname="com.beginsecure.StringClassTest" time="0.06"/>
  <testcase name="testEmptyString" classname="com.beginsecure.StringClassTest" time="0.001"/>
  <testcase name="testNullInput" classname="com.beginsecure.StringClassTest" time="0.004"/>
  <testcase name="testValidString(String)[1]" classname="com.beginsecure.StringClassTest" time="0.049"/>
  <testcase name="testValidString(String)[2]" classname="com.beginsecure.StringClassTest" time="0.002"/>
</testsuite>